[2021-11-28 10:19:00,766] - [INFO] - 检查环境
[2021-11-28 10:19:00,805] - [INFO] - GPU是否可用: True
[2021-11-28 10:19:00,805] - [INFO] - GPU数量:1
[2021-11-28 10:19:00,806] - [INFO] - 读取设置文件
[2021-11-28 10:19:00,809] - [INFO] - 设置文件加载完成
[2021-11-28 10:19:00,809] - [INFO] - 正在生成GAN模型(with gpu)
[2021-11-28 10:19:04,119] - [INFO] - 打印模型
[2021-11-28 10:19:04,120] - [INFO] - 总参数:550929  训练参数:550929
[2021-11-28 10:19:04,124] - [INFO] - 正在载入Mnist数据集
[2021-11-28 10:19:04,143] - [INFO] - 成功载入Mnist数据集
[2021-11-28 10:19:04,144] - [INFO] - dataLoader载入完毕
[2021-11-28 10:19:04,144] - [INFO] - 创建新任务
[2021-11-28 10:19:04,146] - [INFO] - 新任务号: 3
[2021-11-28 10:19:04,146] - [INFO] - 开始训练
[2021-11-28 10:19:04,147] - [INFO] - epoch 1/5000
[2021-11-28 10:19:15,736] - [INFO] - 保存模型和结果
[2021-11-28 10:19:16,266] - [INFO] - epoch 2/5000
[2021-11-28 10:19:27,897] - [INFO] - epoch 3/5000
[2021-11-28 10:19:39,789] - [INFO] - epoch 4/5000
[2021-11-28 10:19:51,376] - [INFO] - epoch 5/5000
[2021-11-28 10:20:03,710] - [INFO] - epoch 6/5000
[2021-11-28 10:20:15,539] - [INFO] - epoch 7/5000
[2021-11-28 10:20:26,448] - [INFO] - epoch 8/5000
[2021-11-28 10:20:37,874] - [INFO] - epoch 9/5000
[2021-11-28 10:20:49,359] - [INFO] - epoch 10/5000
[2021-11-28 10:21:00,730] - [INFO] - epoch 11/5000
[2021-11-28 10:21:12,111] - [INFO] - epoch 12/5000
[2021-11-28 10:21:24,311] - [INFO] - epoch 13/5000
[2021-11-28 10:21:35,725] - [INFO] - epoch 14/5000
[2021-11-28 10:21:47,023] - [INFO] - epoch 15/5000
[2021-11-28 10:21:58,371] - [INFO] - epoch 16/5000
[2021-11-28 10:22:09,837] - [INFO] - epoch 17/5000
[2021-11-28 10:22:21,466] - [INFO] - epoch 18/5000
[2021-11-28 10:22:33,048] - [INFO] - epoch 19/5000
[2021-11-28 10:22:44,486] - [INFO] - epoch 20/5000
[2021-11-28 10:22:56,188] - [INFO] - epoch 21/5000
[2021-11-28 10:23:07,211] - [INFO] - 保存模型和结果
[2021-11-28 10:23:07,677] - [INFO] - epoch 22/5000
[2021-11-28 10:23:19,531] - [INFO] - epoch 23/5000
